0 info it worked if it ends with ok
1 verbose cli [ 'C:\\Program Files\\nodejs\\node.exe',
1 verbose cli   'C:\\Program Files\\nodejs\\node_modules\\npm\\bin\\npm-cli.js',
1 verbose cli   'run',
1 verbose cli   'dev' ]
2 info using npm@3.10.10
3 info using node@v6.10.0
4 verbose run-script [ 'predev', 'dev', 'postdev' ]
5 info lifecycle back-end@1.0.0~predev: back-end@1.0.0
6 silly lifecycle back-end@1.0.0~predev: no script for predev, continuing
7 info lifecycle back-end@1.0.0~dev: back-end@1.0.0
8 verbose lifecycle back-end@1.0.0~dev: unsafe-perm in lifecycle true
9 verbose lifecycle back-end@1.0.0~dev: PATH: C:\Users\anne\AppData\Roaming\nvm\v6.10.0\node_modules\npm\bin\node-gyp-bin;D:\skillspire\news-site-collab\back-end\node_modules\.bin;C:\Users\anne\bin;C:\Program Files\Git\mingw64\bin;C:\Program Files\Git\usr\local\bin;C:\Program Files\Git\usr\bin;C:\Program Files\Git\usr\bin;C:\Program Files\Git\mingw64\bin;C:\Program Files\Git\usr\bin;C:\Users\anne\bin;C:\ProgramData\Oracle\Java\javapath;C:\Program Files (x86)\NVIDIA Corporation\PhysX\Common;C:\WINDOWS\system32;C:\WINDOWS;C:\WINDOWS\System32\Wbem;C:\WINDOWS\System32\WindowsPowerShell\v1.0;C:\Program Files\Microsoft SQL Server\Client SDK\ODBC\110\Tools\Binn;C:\Program Files (x86)\Microsoft SQL Server\120\Tools\Binn;C:\Program Files\Microsoft SQL Server\120\Tools\Binn;C:\Program Files\Microsoft SQL Server\120\DTS\Binn;C:\Program Files (x86)\Microsoft SQL Server\120\Tools\Binn\ManagementStudio;C:\Program Files (x86)\Microsoft SQL Server\120\DTS\Binn;C:\Program Files\TortoiseSVN\bin;C:\Program Files (x86)\Windows Kits\8.1\Windows Performance Toolkit;C:\Program Files\Microsoft SQL Server\110\Tools\Binn;C:\Program Files (x86)\Microsoft SDKs\TypeScript\1.0;C:\Program Files (x86)\IVI Foundation\VISA\WinNT\Bin;C:\Program Files\Intel\WiFi\bin;C:\Program Files\Common Files\Intel\WirelessCommon;C:\Program Files (x86)\Deployd\bin;C:\Program Files\TortoiseHg;C:\Users\anne\AppData\Roaming\nvm;C:\Program Files\nodejs;C:\Users\anne\.dnx\bin;C:\Program Files\Microsoft DNX\Dnvm;C:\Program Files\Microsoft SQL Server\130\Tools\Binn;C:\Program Files\dotnet;C:\WINDOWS\System32\OpenSSH;C:\Program Files\TortoiseGit\bin;C:\Program Files\Git\cmd;C:\Program Files (x86)\Calibre2;C:\Program Files\Microsoft SQL Server\Client SDK\ODBC\170\Tools\Binn;C:\Program Files (x86)\dotnet;C:\Program Files\nodejs;C:\Program Files\PowerShell\7;C:\Users\anne\AppData\Local\Programs\Python\Python36-32\Scripts;C:\Users\anne\AppData\Local\Programs\Python\Python36-32;C:\Program Files\Intel\WiFi\bin;C:\Program Files\Common Files\Intel\WirelessCommon;C:\Users\anne\AppData\Roaming\nvm;C:\Program Files\nodejs;C:\Program Files\Java\jdk1.7.0_79\bin;C:\Program Files\Apache Ant\bin;C:\Users\anne\AppData\Local\Android\Sdk\tools;C:\Users\anne\AppData\Local\Android\Sdk\platform-tools;C:\Program Files (x86)\Scapple;C:\Users\anne\AppData\Local\Microsoft\WindowsApps;C:\Users\anne\AppData\Local\Programs\Microsoft VS Code\bin;C:\Users\anne\AppData\Local\GitHubDesktop\bin;C:\Users\anne\AppData\Local\gitkraken\bin;C:\Users\anne\AppData\Roaming\npm;C:\Exercism;D:\Exercism;C:\Program Files\heroku\bin;C:\Users\anne\AppData\Local\Markdown Monster;C:\Program Files\Git\usr\bin\vendor_perl;C:\Program Files\Git\usr\bin\core_perl
10 verbose lifecycle back-end@1.0.0~dev: CWD: D:\skillspire\news-site-collab\back-end
11 silly lifecycle back-end@1.0.0~dev: Args: [ '/d /s /c', 'nodemon server' ]
12 silly lifecycle back-end@1.0.0~dev: Returned: code: 1  signal: null
13 info lifecycle back-end@1.0.0~dev: Failed to exec dev script
14 verbose stack Error: back-end@1.0.0 dev: `nodemon server`
14 verbose stack Exit status 1
14 verbose stack     at EventEmitter.<anonymous> (C:\Users\anne\AppData\Roaming\nvm\v6.10.0\node_modules\npm\lib\utils\lifecycle.js:255:16)
14 verbose stack     at emitTwo (events.js:106:13)
14 verbose stack     at EventEmitter.emit (events.js:191:7)
14 verbose stack     at ChildProcess.<anonymous> (C:\Users\anne\AppData\Roaming\nvm\v6.10.0\node_modules\npm\lib\utils\spawn.js:40:14)
14 verbose stack     at emitTwo (events.js:106:13)
14 verbose stack     at ChildProcess.emit (events.js:191:7)
14 verbose stack     at maybeClose (internal/child_process.js:877:16)
14 verbose stack     at Process.ChildProcess._handle.onexit (internal/child_process.js:226:5)
15 verbose pkgid back-end@1.0.0
16 verbose cwd D:\skillspire\news-site-collab\back-end
17 error Windows_NT 10.0.18363
18 error argv "C:\\Program Files\\nodejs\\node.exe" "C:\\Program Files\\nodejs\\node_modules\\npm\\bin\\npm-cli.js" "run" "dev"
19 error node v6.10.0
20 error npm  v3.10.10
21 error code ELIFECYCLE
22 error back-end@1.0.0 dev: `nodemon server`
22 error Exit status 1
23 error Failed at the back-end@1.0.0 dev script 'nodemon server'.
23 error Make sure you have the latest version of node.js and npm installed.
23 error If you do, this is most likely a problem with the back-end package,
23 error not with npm itself.
23 error Tell the author that this fails on your system:
23 error     nodemon server
23 error You can get information on how to open an issue for this project with:
23 error     npm bugs back-end
23 error Or if that isn't available, you can get their info via:
23 error     npm owner ls back-end
23 error There is likely additional logging output above.
24 verbose exit [ 1, true ]
